\BOOKMARK [1][-]{section*.1}{\376\377\0001\000.\000\040\000I\000N\000T\000R\000O\000D\000U\000C\000T\000I\000O\000N}{}% 1
\BOOKMARK [2][-]{section*.2}{\376\377\0001\000.\0001\000.\000\040\000O\000P\000E\000N\000\040\000S\000O\000U\000R\000C\000E\000\040\000P\000H\000I\000L\000O\000S\000O\000P\000H\000Y}{section*.1}% 2
\BOOKMARK [3][-]{section*.3}{\376\377\0001\000.\0002\000.\0001\000.\000\040\000O\000p\000e\000n\000\040\000S\000o\000u\000r\000c\000e\000\040\000H\000a\000r\000d\000w\000a\000r\000e}{section*.2}% 3
\BOOKMARK [3][-]{section*.7}{\376\377\0001\000.\0002\000.\0002\000.\000\040\000O\000p\000e\000n\000\040\000S\000o\000u\000r\000c\000e\000\040\000S\000o\000f\000t\000w\000a\000r\000e}{section*.2}% 4
\BOOKMARK [2][-]{section*.11}{\376\377\0001\000.\0002\000.\000\040\000R\000I\000S\000C\000-\000V\000\040\000I\000S\000A}{section*.1}% 5
\BOOKMARK [3][-]{section*.12}{\376\377\0001\000.\0002\000.\0001\000.\000\040\000I\000S\000A\000\040\000B\000a\000s\000e\000s}{section*.11}% 6
\BOOKMARK [3][-]{section*.16}{\376\377\0001\000.\0002\000.\0002\000.\000\040\000I\000S\000A\000\040\000E\000x\000t\000e\000n\000s\000i\000o\000n\000s}{section*.11}% 7
\BOOKMARK [3][-]{section*.22}{\376\377\0001\000.\0002\000.\0003\000.\000\040\000I\000S\000A\000\040\000M\000o\000d\000e\000s}{section*.11}% 8
\BOOKMARK [1][-]{section*.27}{\376\377\0002\000.\000\040\000P\000R\000O\000J\000E\000C\000T\000S}{}% 9
\BOOKMARK [2][-]{section*.28}{\376\377\0002\000.\0001\000.\000\040\000C\000O\000R\000E\000-\000R\000I\000S\000C\000V}{section*.27}% 10
\BOOKMARK [3][-]{section*.29}{\376\377\0002\000.\0001\000.\0001\000.\000\040\000D\000e\000f\000i\000n\000i\000t\000i\000o\000n}{section*.28}% 11
\BOOKMARK [3][-]{section*.30}{\376\377\0002\000.\0001\000.\0002\000.\000\040\000R\000I\000S\000C\000\040\000P\000i\000p\000e\000l\000i\000n\000e}{section*.28}% 12
\BOOKMARK [3][-]{section*.31}{\376\377\0002\000.\0001\000.\0003\000.\000\040\000C\000O\000R\000E\000-\000R\000I\000S\000C\000V\000\040\000O\000r\000g\000a\000n\000i\000z\000a\000t\000i\000o\000n}{section*.28}% 13
\BOOKMARK [3][-]{section*.32}{\376\377\0002\000.\0001\000.\0004\000.\000\040\000P\000a\000r\000a\000m\000e\000t\000e\000r\000s}{section*.28}% 14
\BOOKMARK [3][-]{section*.33}{\376\377\0002\000.\0001\000.\0005\000.\000\040\000I\000n\000s\000t\000r\000u\000c\000t\000i\000o\000n\000\040\000I\000n\000p\000u\000t\000s\000/\000O\000u\000t\000p\000u\000t\000s\000\040\000B\000u\000s}{section*.28}% 15
\BOOKMARK [3][-]{section*.34}{\376\377\0002\000.\0001\000.\0006\000.\000\040\000D\000a\000t\000a\000\040\000I\000n\000p\000u\000t\000s\000/\000O\000u\000t\000p\000u\000t\000s\000\040\000B\000u\000s}{section*.28}% 16
\BOOKMARK [2][-]{section*.35}{\376\377\0002\000.\0002\000.\000\040\000P\000U\000-\000R\000I\000S\000C\000V}{section*.27}% 17
\BOOKMARK [3][-]{section*.36}{\376\377\0002\000.\0002\000.\0001\000.\000\040\000D\000e\000f\000i\000n\000i\000t\000i\000o\000n}{section*.35}% 18
\BOOKMARK [3][-]{section*.37}{\376\377\0002\000.\0002\000.\0002\000.\000\040\000I\000n\000s\000t\000r\000u\000c\000t\000i\000o\000n\000\040\000C\000a\000c\000h\000e}{section*.35}% 19
\BOOKMARK [3][-]{section*.45}{\376\377\0002\000.\0002\000.\0003\000.\000\040\000D\000a\000t\000a\000\040\000C\000a\000c\000h\000e}{section*.35}% 20
\BOOKMARK [1][-]{section*.53}{\376\377\0003\000.\000\040\000W\000O\000R\000K\000F\000L\000O\000W}{}% 21
\BOOKMARK [2][-]{section*.54}{\376\377\0003\000.\0001\000.\000\040\000H\000A\000R\000D\000W\000A\000R\000E}{section*.53}% 22
\BOOKMARK [3][-]{section*.55}{\376\377\0003\000.\0001\000.\0001\000.\000\040\000F\000r\000o\000n\000t\000-\000E\000n\000d\000\040\000O\000p\000e\000n\000\040\000S\000o\000u\000r\000c\000e\000\040\000T\000o\000o\000l\000s}{section*.54}% 23
\BOOKMARK [3][-]{section*.64}{\376\377\0003\000.\0001\000.\0002\000.\000\040\000B\000a\000c\000k\000-\000E\000n\000d\000\040\000O\000p\000e\000n\000\040\000S\000o\000u\000r\000c\000e\000\040\000T\000o\000o\000l\000s}{section*.54}% 24
\BOOKMARK [2][-]{section*.73}{\376\377\0003\000.\0002\000.\000\040\000S\000O\000F\000T\000W\000A\000R\000E}{section*.53}% 25
\BOOKMARK [3][-]{section*.74}{\376\377\0003\000.\0002\000.\0001\000.\000\040\000C\000o\000m\000p\000i\000l\000e\000r\000s}{section*.73}% 26
\BOOKMARK [3][-]{section*.77}{\376\377\0003\000.\0002\000.\0002\000.\000\040\000S\000i\000m\000u\000l\000a\000t\000o\000r\000s}{section*.73}% 27
\BOOKMARK [1][-]{section*.80}{\376\377\0004\000.\000\040\000C\000O\000N\000C\000L\000U\000S\000I\000O\000N}{}% 28
\BOOKMARK [2][-]{section*.81}{\376\377\0004\000.\0001\000.\000\040\000H\000A\000R\000D\000W\000A\000R\000E}{section*.80}% 29
\BOOKMARK [3][-]{section*.82}{\376\377\0004\000.\0001\000.\0001\000.\000\040\000G\000S\000C\000L\000\040\0004\0005\000\040\000n\000m\000\040\000A\000S\000I\000C}{section*.81}% 30
\BOOKMARK [3][-]{section*.83}{\376\377\0004\000.\0001\000.\0002\000.\000\040\000L\000a\000t\000t\000i\000c\000e\000\040\000i\000C\000E\0004\0000\000\040\000F\000P\000G\000A}{section*.81}% 31
\BOOKMARK [2][-]{section*.84}{\376\377\0004\000.\0002\000.\000\040\000S\000O\000F\000T\000W\000A\000R\000E}{section*.80}% 32
\BOOKMARK [3][-]{section*.85}{\376\377\0004\000.\0002\000.\0001\000.\000\040\000R\000I\000S\000C\000-\000V\000\040\000T\000e\000s\000t\000s}{section*.84}% 33
\BOOKMARK [3][-]{section*.86}{\376\377\0004\000.\0002\000.\0002\000.\000\040\000R\000I\000S\000C\000-\000V\000\040\000B\000a\000r\000e\000\040\000M\000e\000t\000a\000l}{section*.84}% 34
\BOOKMARK [3][-]{section*.87}{\376\377\0004\000.\0002\000.\0003\000.\000\040\000R\000I\000S\000C\000-\000V\000\040\000O\000p\000e\000r\000a\000t\000i\000n\000g\000\040\000S\000y\000s\000t\000e\000m}{section*.84}% 35
\BOOKMARK [3][-]{section*.90}{\376\377\0004\000.\0002\000.\0004\000.\000\040\000R\000I\000S\000C\000-\000V\000\040\000D\000i\000s\000t\000r\000i\000b\000u\000t\000i\000o\000n}{section*.84}% 36
